2016-02-08 16:06:45,836:INFO:discord.client: on_ready has successfully been registered as an event
2016-02-08 16:06:45,836:INFO:discord.client: on_message has successfully been registered as an event
2016-02-08 16:06:45,836:INFO:discord.client: attempting to login via cache
2016-02-08 16:06:45,837:INFO:discord.client: login cache file found
2016-02-08 16:06:48,922:DEBUG:discord.client: POST https://discordapp.com/api/auth/login has returned 200
2016-02-08 16:06:48,922:INFO:discord.client: logging in returned status code 200
2016-02-08 16:06:48,973:INFO:discord.client: updating login cache
2016-02-08 16:06:49,395:INFO:discord.client: Created websocket connected to wss://gateway-1.discord.gg/4
2016-02-08 16:06:49,396:INFO:discord.client: sent the initial payload to create the websocket
2016-02-08 16:06:49,477:DEBUG:discord.client: WebSocket Event: {'t': 'READY', 'op': 0, 's': 1, 'd': {'user_settings': {'locale': 'en-US', 'show_current_game': True, 'message_display_compact': True, 'convert_emoticons': True, 'enable_tts_command': True, 'theme': 'dark', 'inline_embed_media': True, 'render_embeds': True, 'inline_attachment_media': True, 'muted_channels': []}, 'guilds': [{'members': [{'roles': [], 'mute': False, 'joined_at': '2016-02-04T01:29:40.203000+00:00', 'user': {'username': 'incnone', 'avatar': '1ce4d3e8c349dbc238ef9b954b799413', 'discriminator': '4728', 'id': '84432855970619392'}, 'deaf': False}, {'roles': ['144617556664254464'], 'mute': False, 'joined_at': '2016-02-04T01:35:36.664000+00:00', 'user': {'username': 'condorbot', 'avatar': '7fdbd3eab10d5d8aebbc417aa58f7d28', 'discriminator': '0682', 'id': '137566952271904768'}, 'deaf': False}], 'icon': None, 'voice_states': [], 'afk_timeout': 300, 'joined_at': '2016-02-04T01:35:36.664000+00:00', 'channels': [{'type': 'text', 'permission_overwrites': [], 'name': 'season4', 'topic': '', 'last_message_id': '145636836859969537', 'position': 0, 'id': '144615324396814337'}, {'type': 'voice', 'permission_overwrites': [], 'name': 'Constructively Criticizing the Racers', 'topic': '', 'last_message_id': None, 'position': 0, 'id': '144615324396814338'}, {'type': 'text', 'permission_overwrites': [], 'name': 'rules_and_resources', 'topic': None, 'last_message_id': None, 'position': 1, 'id': '144615484401123328'}, {'type': 'text', 'permission_overwrites': [], 'name': 'schedule', 'topic': '', 'last_message_id': None, 'position': 2, 'id': '144615535282225152'}, {'type': 'text', 'permission_overwrites': [], 'name': 'adminchat', 'topic': None, 'last_message_id': '146360205603504128', 'position': 4, 'id': '144615592878538752'}, {'type': 'voice', 'permission_overwrites': [], 'name': 'Cawmentary 1', 'topic': None, 'last_message_id': None, 'position': 1, 'id': '144615987554156544'}, {'type': 'voice', 'permission_overwrites': [], 'name': 'Cawmentary 2', 'topic': None, 'last_message_id': None, 'position': 2, 'id': '144616186326417408'}, {'type': 'voice', 'permission_overwrites': [], 'name': 'Showcase Race Room', 'topic': None, 'last_message_id': None, 'position': 3, 'id': '144616220702932992'}, {'type': 'voice', 'permission_overwrites': [], 'name': 'Commentary Booth', 'topic': None, 'last_message_id': None, 'position': 4, 'id': '144616254739578881'}, {'type': 'text', 'permission_overwrites': [{'type': 'member', 'allow': 2048, 'deny': 0, 'id': '137566952271904768'}, {'type': 'role', 'allow': 0, 'deny': 2048, 'id': '144615324396814337'}], 'name': 'notifications', 'topic': '', 'last_message_id': None, 'position': 3, 'id': '146348326604898304'}], 'features': [], 'verification_level': 0, 'roles': [{'managed': False, 'name': '@everyone', 'permissions': 36953089, 'hoist': False, 'color': 0, 'position': -1, 'id': '144615324396814337'}, {'managed': False, 'name': 'Condorbot', 'permissions': 36961305, 'hoist': False, 'color': 3447003, 'position': 1, 'id': '144617556664254464'}], 'region': 'us-east', 'owner_id': '84432855970619392', 'large': False, 'afk_channel_id': None, 'emojis': [], 'splash': None, 'id': '144615324396814337', 'presences': [{'user': {'id': '84432855970619392'}, 'game': None, 'status': 'online'}, {'user': {'id': '137566952271904768'}, 'game': None, 'status': 'online'}], 'name': 'Condor Season 4 Testsite'}, {'members': [{'roles': ['139911166347444234'], 'mute': False, 'joined_at': '2016-01-13T10:23:52.452000+00:00', 'user': {'username': 'wilarseny', 'avatar': '0a30229f9341414f538c24dd7ba43eff', 'discriminator': '8123', 'id': '83612082250977280'}, 'deaf': False}, {'roles': [], 'mute': False, 'joined_at': '2016-01-12T03:15:48.114000+00:00', 'user': {'username': 'blueblimp', 'avatar': '003fc919138373f829f64e91afef9d28', 'discriminator': '9152', 'id': '84153524350386176'}, 'deaf': False}, {'roles': ['136864613307252736', '139914765056081920'], 'mute': False, 'joined_at': '2016-01-11T04:11:19.207000+00:00', 'user': {'username': 'incnone', 'avatar': '1ce4d3e8c349dbc238ef9b954b799413', 'discriminator': '4728', 'id': '84432855970619392'}, 'deaf': False}, {'roles': ['139911234270003200'], 'mute': False, 'joined_at': '2016-01-13T13:46:05.299000+00:00', 'user': {'username': 'jakkdl', 'avatar': '07927b8de3501580aedcdb6edd9d2d02', 'discriminator': '1436', 'id': '84627464709472256'}, 'deaf': False}, {'roles': ['135967204071047169'], 'mute': False, 'joined_at': '2016-01-11T04:20:16.449000+00:00', 'user': {'username': 'necrobot_alpha', 'avatar': '03db04636d54423bddc0b97905ac7a85', 'discriminator': '6138', 'id': '135960444161490945'}, 'deaf': False}, {'roles': ['139911144272953345'], 'mute': False, 'joined_at': '2016-01-18T09:34:24.539000+00:00', 'user': {'username': 'condorbot', 'avatar': '7fdbd3eab10d5d8aebbc417aa58f7d28', 'discriminator': '0682', 'id': '137566952271904768'}, 'deaf': False}], 'icon': '03db04636d54423bddc0b97905ac7a85', 'voice_states': [], 'afk_timeout': 300, 'joined_at': '2016-01-18T09:34:24.539000+00:00', 'channels': [{'type': 'text', 'permission_overwrites': [{'type': 'role', 'allow': 0, 'deny': 0, 'id': '135958696294481921'}, {'type': 'member', 'allow': 8192, 'deny': 0, 'id': '135960444161490945'}], 'name': 'necrobot_main', 'topic': '[Click for command list]\n`.help [command] : Get more info on any command.`\n`.dailyseed      : Get today\'s daily speedrun seed.`\n`.dailystatus    : Find whether you\'ve submitted to today\'s daily.`\n`.dailysubmit    : Submit a time for the daily.`\n`.dailywhen      : Get the time until the next daily.`\n`.make           : Create a text channel to be used for a new race.`\n                                              `Note: can take parameters. Call ".help make" for more info.`\n`.makeprivate    : Make a private raceroom.`\n                                              `Takes parameters. Call ".help makeprivate" for more info.`\n`.randomseed     : Generate a random seed.`\n`.info           : Get bot version information.`', 'last_message_id': '146346756928569344', 'position': 0, 'id': '135958696294481921'}, {'type': 'text', 'permission_overwrites': [{'type': 'role', 'allow': 0, 'deny': 2048, 'id': '135958696294481921'}, {'type': 'role', 'allow': 2048, 'deny': 0, 'id': '135967204071047169'}], 'name': 'cadence_daily_leaderboards', 'topic': '', 'last_message_id': '144959554763882496', 'position': 4, 'id': '136106946833940480'}, {'type': 'text', 'permission_overwrites': [{'type': 'role', 'allow': 0, 'deny': 2048, 'id': '135958696294481921'}, {'type': 'role', 'allow': 2072, 'deny': 0, 'id': '135967204071047169'}], 'name': 'command_list', 'topic': '', 'last_message_id': '138574118617350144', 'position': 1, 'id': '136108032185729024'}, {'type': 'text', 'permission_overwrites': [{'type': 'role', 'allow': 0, 'deny': 2048, 'id': '135958696294481921'}, {'type': 'role', 'allow': 2048, 'deny': 0, 'id': '135967204071047169'}], 'name': 'race_results', 'topic': '', 'last_message_id': '145264792460984320', 'position': 7, 'id': '136205678636171264'}, {'type': 'text', 'permission_overwrites': [], 'name': 'requests_and_bugs', 'topic': 'Current TODO list: https://github.com/incnone/necrobot/blob/master/TODO.md', 'last_message_id': '143209031916453888', 'position': 2, 'id': '136207314687361025'}, {'type': 'text', 'permission_overwrites': [{'type': 'member', 'allow': 1024, 'deny': 0, 'id': '137566952271904768'}, {'type': 'member', 'allow': 0, 'deny': 0, 'id': '83612082250977280'}, {'type': 'member', 'allow': 1024, 'deny': 0, 'id': '84432855970619392'}, {'type': 'member', 'allow': 0, 'deny': 1024, 'id': '84627464709472256'}, {'type': 'member', 'allow': 0, 'deny': 1024, 'id': '84153524350386176'}], 'name': 'cadence_dailyspoilerchat', 'topic': '', 'last_message_id': '144959555577577473', 'position': 3, 'id': '136310794467016705'}, {'type': 'text', 'permission_overwrites': [{'type': 'member', 'allow': 1024, 'deny': 0, 'id': '84432855970619392'}, {'type': 'member', 'allow': 0, 'deny': 1024, 'id': '84627464709472256'}, {'type': 'member', 'allow': 0, 'deny': 1024, 'id': '84153524350386176'}, {'type': 'member', 'allow': 1024, 'deny': 0, 'id': '137566952271904768'}], 'name': 'rotating_dailyspoilerchat', 'topic': '', 'last_message_id': '144959558140428289', 'position': 5, 'id': '144503004748447746'}, {'type': 'text', 'permission_overwrites': [], 'name': 'rotating_daily_leaderboards', 'topic': None, 'last_message_id': '144959557582454784', 'position': 6, 'id': '144503052680953856'}], 'features': [], 'verification_level': 0, 'roles': [{'managed': False, 'name': '@everyone', 'permissions': 36953089, 'hoist': False, 'color': 0, 'position': 0, 'id': '135958696294481921'}, {'managed': False, 'name': 'Necrobot', 'permissions': 53738558, 'hoist': True, 'color': 3066993, 'position': 21, 'id': '135967204071047169'}, {'managed': False, 'name': 'Admin', 'permissions': 53730326, 'hoist': False, 'color': 3447003, 'position': 1, 'id': '136864613307252736'}, {'managed': False, 'name': 'teal', 'permissions': 36953089, 'hoist': False, 'color': 1752220, 'position': 2, 'id': '139910178656092171'}, {'managed': False, 'name': 'dank_orange', 'permissions': 36953089, 'hoist': False, 'color': 11027200, 'position': 3, 'id': '139911071833128960'}, {'managed': False, 'name': 'dank_magenta', 'permissions': 36953089, 'hoist': False, 'color': 11342935, 'position': 4, 'id': '139911093513486336'}, {'managed': False, 'name': 'dank_purple', 'permissions': 36953089, 'hoist': False, 'color': 7419530, 'position': 5, 'id': '139911105173520385'}, {'managed': False, 'name': 'dank_teal', 'permissions': 36953089, 'hoist': False, 'color': 1146986, 'position': 6, 'id': '139911123460816896'}, {'managed': False, 'name': 'dank_gold', 'permissions': 36953089, 'hoist': False, 'color': 12745742, 'position': 7, 'id': '139911144272953345'}, {'managed': False, 'name': 'dank_red', 'permissions': 36953089, 'hoist': False, 'color': 10038562, 'position': 8, 'id': '139911166347444234'}, {'managed': False, 'name': 'dank_green', 'permissions': 36953089, 'hoist': False, 'color': 2067276, 'position': 9, 'id': '139911189131034624'}, {'managed': False, 'name': 'light_grey', 'permissions': 36953089, 'hoist': False, 'color': 9936031, 'position': 10, 'id': '139911215710208001'}, {'managed': False, 'name': 'magenta', 'permissions': 36953089, 'hoist': False, 'color': 15277667, 'position': 11, 'id': '139911234270003200'}, {'managed': False, 'name': 'lighter_grey', 'permissions': 36953089, 'hoist': False, 'color': 9807270, 'position': 14, 'id': '139912641802928128'}, {'managed': False, 'name': 'dank_grey', 'permissions': 36953089, 'hoist': False, 'color': 6323595, 'position': 15, 'id': '139912693636136960'}, {'managed': False, 'name': 'purple', 'permissions': 36953089, 'hoist': False, 'color': 10181046, 'position': 16, 'id': '139914765056081920'}, {'managed': False, 'name': 'danker_grey', 'permissions': 36953089, 'hoist': False, 'color': 5533306, 'position': 17, 'id': '139915072062357504'}, {'managed': False, 'name': 'dank_blue', 'permissions': 36953089, 'hoist': False, 'color': 2123412, 'position': 18, 'id': '139915123148980224'}, {'managed': False, 'name': 'red', 'permissions': 36953089, 'hoist': False, 'color': 15158332, 'position': 19, 'id': '139915593007628289'}, {'managed': False, 'name': 'gold', 'permissions': 36953089, 'hoist': False, 'color': 15844367, 'position': 20, 'id': '139915820502482945'}, {'managed': False, 'name': 'orange', 'permissions': 36953089, 'hoist': False, 'color': 15105570, 'position': 21, 'id': '139915834347749377'}, {'managed': False, 'name': 'blue', 'permissions': 36953089, 'hoist': False, 'color': 3447003, 'position': 20, 'id': '141624475748794368'}], 'region': 'us-east', 'owner_id': '84432855970619392', 'large': False, 'afk_channel_id': None, 'emojis': [], 'splash': None, 'id': '135958696294481921', 'presences': [{'user': {'id': '83612082250977280'}, 'game': None, 'status': 'idle'}, {'user': {'id': '84153524350386176'}, 'game': None, 'status': 'idle'}, {'user': {'id': '84432855970619392'}, 'game': None, 'status': 'online'}, {'user': {'id': '137566952271904768'}, 'game': None, 'status': 'online'}], 'name': 'Necrobot Testsite'}], 'private_channels': [{'last_message_id': '144577413534187530', 'is_private': True, 'recipient': {'username': 'necrobot_alpha', 'avatar': '03db04636d54423bddc0b97905ac7a85', 'discriminator': '6138', 'id': '135960444161490945'}, 'id': '138586239304597504'}, {'last_message_id': '138650804239335424', 'is_private': True, 'recipient': {'username': 'necrobot', 'avatar': '681b43438dfc7264357623de932feb4c', 'discriminator': '2043', 'id': '137059699169296384'}, 'id': '138650803337560064'}], 'tutorial': None, 'v': 3, 'heartbeat_interval': 41250, 'read_state': [{'mention_count': 0, 'last_message_id': '144574184918482945', 'id': '144503052680953856'}, {'mention_count': 0, 'last_message_id': '144570664320368640', 'id': '136205678636171264'}, {'mention_count': 0, 'last_message_id': '143209031916453888', 'id': '136207314687361025'}, {'mention_count': 0, 'last_message_id': '146346530624897024', 'id': '146346150344130561'}, {'mention_count': 0, 'last_message_id': '144577413534187530', 'id': '138586239304597504'}, {'mention_count': 0, 'last_message_id': '144574182137659392', 'id': '136106946833940480'}, {'mention_count': 0, 'last_message_id': '144574027049074689', 'id': '144503004748447746'}, {'mention_count': 0, 'last_message_id': '145636836859969537', 'id': '144615324396814337'}, {'mention_count': 0, 'last_message_id': '138650804239335424', 'id': '138650803337560064'}, {'mention_count': 0, 'last_message_id': '143039211946115072', 'id': '136310794467016705'}, {'mention_count': 0, 'last_message_id': '146346149819711488', 'id': '135958696294481921'}], 'user': {'avatar': '7fdbd3eab10d5d8aebbc417aa58f7d28', 'username': 'condorbot', 'verified': True, 'email': 'incohatus.none+bottest2@gmail.com', 'discriminator': '0682', 'id': '137566952271904768'}, 'user_guild_settings': [{'guild_id': '135958696294481921', 'mobile_push': True, 'message_notifications': 1, 'muted': False, 'channel_overrides': [{'muted': True, 'channel_id': '136106946833940480', 'message_notifications': 3}, {'muted': True, 'channel_id': '144503052680953856', 'message_notifications': 3}, {'muted': True, 'channel_id': '136205678636171264', 'message_notifications': 3}], 'suppress_everyone': False}], 'session_id': 'b12ac466133070095713754e276ffdef'}}
2016-02-08 16:06:49,477:DEBUG:discord.client: Dispatching event socket_response
2016-02-08 16:06:49,481:DEBUG:discord.client: Dispatching event ready
2016-02-08 16:06:49,482:DEBUG:discord.client: Keeping websocket alive with timestamp 1454965609
2016-02-08 16:06:51,648:DEBUG:discord.client: WebSocket Event: {'t': 'TYPING_START', 'op': 0, 's': 2, 'd': {'user_id': '84432855970619392', 'channel_id': '144615592878538752', 'timestamp': 1454965616}}
2016-02-08 16:06:51,648:DEBUG:discord.client: Dispatching event socket_response
2016-02-08 16:06:51,649:DEBUG:discord.client: Dispatching event typing
2016-02-08 16:06:53,243:DEBUG:discord.client: WebSocket Event: {'t': 'MESSAGE_CREATE', 'op': 0, 's': 3, 'd': {'tts': False, 'attachments': [], 'nonce': '146361131361894400', 'edited_timestamp': None, 'mention_everyone': False, 'mentions': [], 'timestamp': '2016-02-08T21:06:57.684000+00:00', 'author': {'username': 'incnone', 'avatar': '1ce4d3e8c349dbc238ef9b954b799413', 'discriminator': '4728', 'id': '84432855970619392'}, 'content': '.makeweek 1', 'channel_id': '144615592878538752', 'embeds': [], 'id': '146361151112871936'}}
2016-02-08 16:06:53,243:DEBUG:discord.client: Dispatching event socket_response
2016-02-08 16:06:53,244:DEBUG:discord.client: Dispatching event message
2016-02-08 16:07:30,723:DEBUG:discord.client: Keeping websocket alive with timestamp 1454965650
2016-02-08 16:07:44,231:DEBUG:discord.client: WebSocket Event: {'t': 'PRESENCE_UPDATE', 'op': 0, 's': 4, 'd': {'roles': ['139911166347444234'], 'guild_id': '135958696294481921', 'user': {'id': '83612082250977280'}, 'game': None, 'status': 'online'}}
2016-02-08 16:07:44,231:DEBUG:discord.client: Dispatching event socket_response
2016-02-08 16:07:44,231:DEBUG:discord.client: Dispatching event member_update
2016-02-08 16:08:11,973:DEBUG:discord.client: Keeping websocket alive with timestamp 1454965691
2016-02-08 16:08:53,224:DEBUG:discord.client: Keeping websocket alive with timestamp 1454965733
2016-02-08 16:09:34,475:DEBUG:discord.client: Keeping websocket alive with timestamp 1454965774
2016-02-08 16:10:15,727:DEBUG:discord.client: Keeping websocket alive with timestamp 1454965815
2016-02-08 16:10:56,978:DEBUG:discord.client: Keeping websocket alive with timestamp 1454965856
2016-02-08 16:11:38,229:DEBUG:discord.client: Keeping websocket alive with timestamp 1454965898
2016-02-08 16:12:19,464:DEBUG:discord.client: Keeping websocket alive with timestamp 1454965939
2016-02-08 16:13:00,715:DEBUG:discord.client: Keeping websocket alive with timestamp 1454965980
2016-02-08 16:13:06,904:DEBUG:discord.client: WebSocket Event: {'t': 'PRESENCE_UPDATE', 'op': 0, 's': 5, 'd': {'roles': ['139911234270003200'], 'guild_id': '135958696294481921', 'user': {'username': 'jakkdl', 'avatar': '07927b8de3501580aedcdb6edd9d2d02', 'discriminator': '1436', 'id': '84627464709472256'}, 'game': None, 'status': 'online'}}
2016-02-08 16:13:06,905:DEBUG:discord.client: Dispatching event socket_response
2016-02-08 16:13:06,905:DEBUG:discord.client: Dispatching event member_update
2016-02-08 16:13:41,961:DEBUG:discord.client: Keeping websocket alive with timestamp 1454966021
2016-02-08 16:14:23,212:DEBUG:discord.client: Keeping websocket alive with timestamp 1454966063
2016-02-08 16:15:04,463:DEBUG:discord.client: Keeping websocket alive with timestamp 1454966104
2016-02-08 16:15:05,394:DEBUG:discord.client: WebSocket Event: {'t': 'PRESENCE_UPDATE', 'op': 0, 's': 6, 'd': {'roles': ['139911234270003200'], 'guild_id': '135958696294481921', 'user': {'id': '84627464709472256'}, 'game': None, 'status': 'offline'}}
2016-02-08 16:15:05,394:DEBUG:discord.client: Dispatching event socket_response
2016-02-08 16:15:05,394:DEBUG:discord.client: Dispatching event member_update
2016-02-08 16:15:45,405:DEBUG:discord.client: WebSocket Event: {'t': 'PRESENCE_UPDATE', 'op': 0, 's': 7, 'd': {'roles': ['139911234270003200'], 'guild_id': '135958696294481921', 'user': {'username': 'jakkdl', 'avatar': '07927b8de3501580aedcdb6edd9d2d02', 'discriminator': '1436', 'id': '84627464709472256'}, 'game': None, 'status': 'online'}}
2016-02-08 16:15:45,405:DEBUG:discord.client: Dispatching event socket_response
2016-02-08 16:15:45,406:DEBUG:discord.client: Dispatching event member_update
2016-02-08 16:15:45,721:DEBUG:discord.client: Keeping websocket alive with timestamp 1454966145
2016-02-08 16:16:26,971:DEBUG:discord.client: Keeping websocket alive with timestamp 1454966186
2016-02-08 16:17:08,206:DEBUG:discord.client: Keeping websocket alive with timestamp 1454966228
2016-02-08 16:17:49,458:DEBUG:discord.client: Keeping websocket alive with timestamp 1454966269
2016-02-08 16:18:30,709:DEBUG:discord.client: Keeping websocket alive with timestamp 1454966310
2016-02-08 16:19:11,961:DEBUG:discord.client: Keeping websocket alive with timestamp 1454966351
2016-02-08 16:19:53,212:DEBUG:discord.client: Keeping websocket alive with timestamp 1454966393
2016-02-08 16:20:34,463:DEBUG:discord.client: Keeping websocket alive with timestamp 1454966434
2016-02-08 16:21:15,715:DEBUG:discord.client: Keeping websocket alive with timestamp 1454966475
2016-02-08 16:21:56,966:DEBUG:discord.client: Keeping websocket alive with timestamp 1454966516
2016-02-08 16:22:38,217:DEBUG:discord.client: Keeping websocket alive with timestamp 1454966558
2016-02-08 16:23:19,473:DEBUG:discord.client: Keeping websocket alive with timestamp 1454966599
2016-02-08 16:24:00,724:DEBUG:discord.client: Keeping websocket alive with timestamp 1454966640
2016-02-08 16:24:41,976:DEBUG:discord.client: Keeping websocket alive with timestamp 1454966681
2016-02-08 16:25:23,228:DEBUG:discord.client: Keeping websocket alive with timestamp 1454966723
2016-02-08 16:26:04,478:DEBUG:discord.client: Keeping websocket alive with timestamp 1454966764
2016-02-08 16:26:45,733:DEBUG:discord.client: Keeping websocket alive with timestamp 1454966805
2016-02-08 16:27:26,983:DEBUG:discord.client: Keeping websocket alive with timestamp 1454966846
2016-02-08 16:28:08,234:DEBUG:discord.client: Keeping websocket alive with timestamp 1454966888
2016-02-08 16:28:49,486:DEBUG:discord.client: Keeping websocket alive with timestamp 1454966929
2016-02-08 16:29:30,745:DEBUG:discord.client: Keeping websocket alive with timestamp 1454966970
2016-02-08 16:30:11,999:DEBUG:discord.client: Keeping websocket alive with timestamp 1454967011
2016-02-08 16:30:53,253:DEBUG:discord.client: Keeping websocket alive with timestamp 1454967053
2016-02-08 16:31:34,506:DEBUG:discord.client: Keeping websocket alive with timestamp 1454967094
2016-02-08 16:32:15,758:DEBUG:discord.client: Keeping websocket alive with timestamp 1454967135
2016-02-08 16:32:57,013:DEBUG:discord.client: Keeping websocket alive with timestamp 1454967177
2016-02-08 16:33:38,264:DEBUG:discord.client: Keeping websocket alive with timestamp 1454967218
2016-02-08 16:34:19,519:DEBUG:discord.client: Keeping websocket alive with timestamp 1454967259
2016-02-08 16:35:00,769:DEBUG:discord.client: Keeping websocket alive with timestamp 1454967300
2016-02-08 16:35:39,669:DEBUG:discord.client: WebSocket Event: {'t': 'PRESENCE_UPDATE', 'op': 0, 's': 8, 'd': {'roles': [], 'guild_id': '135958696294481921', 'user': {'id': '84153524350386176'}, 'game': None, 'status': 'online'}}
2016-02-08 16:35:39,669:DEBUG:discord.client: Dispatching event socket_response
2016-02-08 16:35:39,669:DEBUG:discord.client: Dispatching event member_update
2016-02-08 16:35:42,019:DEBUG:discord.client: Keeping websocket alive with timestamp 1454967342
2016-02-08 16:36:23,269:DEBUG:discord.client: Keeping websocket alive with timestamp 1454967383
2016-02-08 16:37:04,523:DEBUG:discord.client: Keeping websocket alive with timestamp 1454967424
2016-02-08 16:37:45,778:DEBUG:discord.client: Keeping websocket alive with timestamp 1454967465
2016-02-08 16:38:27,036:DEBUG:discord.client: Keeping websocket alive with timestamp 1454967507
2016-02-08 16:39:08,290:DEBUG:discord.client: Keeping websocket alive with timestamp 1454967548
2016-02-08 16:39:49,547:DEBUG:discord.client: Keeping websocket alive with timestamp 1454967589
2016-02-08 16:40:30,797:DEBUG:discord.client: Keeping websocket alive with timestamp 1454967630
2016-02-08 16:41:12,055:DEBUG:discord.client: Keeping websocket alive with timestamp 1454967672
2016-02-08 16:41:53,309:DEBUG:discord.client: Keeping websocket alive with timestamp 1454967713
2016-02-08 16:42:34,564:DEBUG:discord.client: Keeping websocket alive with timestamp 1454967754
2016-02-08 16:43:15,815:DEBUG:discord.client: Keeping websocket alive with timestamp 1454967795
2016-02-08 16:43:18,206:DEBUG:discord.client: WebSocket Event: {'t': 'PRESENCE_UPDATE', 'op': 0, 's': 9, 'd': {'roles': ['139911234270003200'], 'guild_id': '135958696294481921', 'user': {'id': '84627464709472256'}, 'game': None, 'status': 'offline'}}
2016-02-08 16:43:18,206:DEBUG:discord.client: Dispatching event socket_response
2016-02-08 16:43:18,206:DEBUG:discord.client: Dispatching event member_update
2016-02-08 16:43:57,070:DEBUG:discord.client: Keeping websocket alive with timestamp 1454967837
2016-02-08 16:44:27,090:DEBUG:discord.client: WebSocket Event: {'t': 'PRESENCE_UPDATE', 'op': 0, 's': 10, 'd': {'roles': [], 'guild_id': '135958696294481921', 'user': {'id': '84153524350386176'}, 'game': None, 'status': 'idle'}}
2016-02-08 16:44:27,090:DEBUG:discord.client: Dispatching event socket_response
2016-02-08 16:44:27,090:DEBUG:discord.client: Dispatching event member_update
2016-02-08 16:44:38,312:DEBUG:discord.client: Keeping websocket alive with timestamp 1454967878
2016-02-08 16:45:19,565:DEBUG:discord.client: Keeping websocket alive with timestamp 1454967919
2016-02-08 16:45:22,730:DEBUG:discord.client: WebSocket Event: {'t': 'PRESENCE_UPDATE', 'op': 0, 's': 11, 'd': {'roles': ['139911166347444234'], 'guild_id': '135958696294481921', 'user': {'id': '83612082250977280'}, 'game': None, 'status': 'idle'}}
2016-02-08 16:45:22,730:DEBUG:discord.client: Dispatching event socket_response
2016-02-08 16:45:22,730:DEBUG:discord.client: Dispatching event member_update
2016-02-08 16:46:00,814:DEBUG:discord.client: Keeping websocket alive with timestamp 1454967960
2016-02-08 16:46:42,069:DEBUG:discord.client: Keeping websocket alive with timestamp 1454968002
